
> next-intl-example@0.1.0 dev
> next dev

 ⚠ Port 3000 is in use, trying 3001 instead.
  ▲ Next.js 14.2.29
  - Local:        http://localhost:3001
  - Environments: .env.development

 ✓ Starting...
 ✓ Ready in 2.2s
 ○ Compiling / ...
 ✓ Compiled / in 717ms (459 modules)
 ✓ Compiled in 193ms (236 modules)
 GET / 200 in 956ms
 ○ Compiling /[locale] ...
 ✓ Compiled /[locale] in 1730ms (1745 modules)
 GET /fa 200 in 258ms
 ✓ Compiled /api/posts in 225ms (960 modules)
 GET /api/posts 200 in 279ms
 GET /api/posts 200 in 8ms
 GET /api/posts 200 in 21ms
Warning: a dynamic page path "/[locale]/blog" was passed to "revalidatePath", but the "type" parameter is missing. This has no effect by default, see more info here https://nextjs.org/docs/app/api-reference/functions/revalidatePath
Revalidation warning: StaticGenBailoutError: Route /api/posts with `dynamic = "error"` couldn't be rendered statically because it used `revalidatePath /[locale]/blog`. See more info here: https://nextjs.org/docs/app/building-your-application/rendering/static-and-dynamic#dynamic-rendering
    at trackDynamicDataAccessed (webpack-internal:///(rsc)/./node_modules/next/dist/server/app-render/dynamic-rendering.js:106:15)
    at revalidate (webpack-internal:///(rsc)/./node_modules/next/dist/server/web/spec-extension/revalidate.js:51:52)
    at revalidatePath (webpack-internal:///(rsc)/./node_modules/next/dist/server/web/spec-extension/revalidate.js:39:12)
    at POST (webpack-internal:///(rsc)/./app/api/posts/route.ts:102:71)
    at process.processTicksAndRejections (node:internal/process/task_queues:105:5)
    at async /Users/selector/Documents/hosseini.net-i18n/node_modules/next/dist/compiled/next-server/app-route.runtime.dev.js:6:57228
    at async eT.execute (/Users/selector/Documents/hosseini.net-i18n/node_modules/next/dist/compiled/next-server/app-route.runtime.dev.js:6:46851)
    at async eT.handle (/Users/selector/Documents/hosseini.net-i18n/node_modules/next/dist/compiled/next-server/app-route.runtime.dev.js:6:58760)
    at async doRender (/Users/selector/Documents/hosseini.net-i18n/node_modules/next/dist/server/base-server.js:1366:42)
    at async cacheEntry.responseCache.get.routeKind (/Users/selector/Documents/hosseini.net-i18n/node_modules/next/dist/server/base-server.js:1588:28)
    at async DevServer.renderToResponseWithComponentsImpl (/Users/selector/Documents/hosseini.net-i18n/node_modules/next/dist/server/base-server.js:1496:28)
    at async DevServer.renderPageComponent (/Users/selector/Documents/hosseini.net-i18n/node_modules/next/dist/server/base-server.js:1924:24)
    at async DevServer.renderToResponseImpl (/Users/selector/Documents/hosseini.net-i18n/node_modules/next/dist/server/base-server.js:1962:32)
    at async DevServer.pipeImpl (/Users/selector/Documents/hosseini.net-i18n/node_modules/next/dist/server/base-server.js:922:25)
    at async NextNodeServer.handleCatchallRenderRequest (/Users/selector/Documents/hosseini.net-i18n/node_modules/next/dist/server/next-server.js:272:17)
    at async DevServer.handleRequestImpl (/Users/selector/Documents/hosseini.net-i18n/node_modules/next/dist/server/base-server.js:818:17)
    at async /Users/selector/Documents/hosseini.net-i18n/node_modules/next/dist/server/dev/next-dev-server.js:339:20
    at async Span.traceAsyncFn (/Users/selector/Documents/hosseini.net-i18n/node_modules/next/dist/trace/trace.js:154:20)
    at async DevServer.handleRequest (/Users/selector/Documents/hosseini.net-i18n/node_modules/next/dist/server/dev/next-dev-server.js:336:24)
    at async invokeRender (/Users/selector/Documents/hosseini.net-i18n/node_modules/next/dist/server/lib/router-server.js:178:21)
    at async handleRequest (/Users/selector/Documents/hosseini.net-i18n/node_modules/next/dist/server/lib/router-server.js:355:24)
    at async requestHandlerImpl (/Users/selector/Documents/hosseini.net-i18n/node_modules/next/dist/server/lib/router-server.js:379:13)
    at async Server.requestListener (/Users/selector/Documents/hosseini.net-i18n/node_modules/next/dist/server/lib/start-server.js:141:13) {
  code: 'NEXT_STATIC_GEN_BAILOUT'
}
 POST /api/posts 201 in 5ms
 GET /api/posts 200 in 4ms
 GET /api/posts?locale=en 200 in 3ms
 GET /api/posts?locale=en 200 in 10ms
 GET /api/posts?locale=fa 200 in 3ms
 ✓ Compiled in 667ms (1759 modules)
 ✓ Compiled in 978ms (1759 modules)
Failed to load font file: /Users/selector/Documents/hosseini.net-i18n/public/static/fonts/Vazirmatn-Bold.woff2
Error: Unknown font format
Failed to load font file: /Users/selector/Documents/hosseini.net-i18n/public/static/fonts/Vazirmatn-Regular.woff2
Error: Unknown font format
Failed to load font file: /Users/selector/Documents/hosseini.net-i18n/public/static/fonts/Vazirmatn-Regular.woff2
Error: Unknown font format
Failed to load font file: /Users/selector/Documents/hosseini.net-i18n/public/static/fonts/Vazirmatn-Bold.woff2
Error: Unknown font format
 ✓ Compiled in 1221ms (1755 modules)
 ✓ Compiled in 244ms (840 modules)
 ✓ Compiled in 480ms (1759 modules)
 ✓ Compiled in 229ms (840 modules)
 ✓ Compiled in 595ms (1759 modules)
 ✓ Compiled in 186ms (840 modules)
 ✓ Compiled in 155ms (840 modules)
 ✓ Compiled in 232ms (840 modules)
 ✓ Compiled in 152ms (840 modules)
 ✓ Compiled in 207ms (840 modules)
<w> [webpack.cache.PackFileCacheStrategy] Caching failed for pack: Error: ENOENT: no such file or directory, rename '/Users/selector/Documents/hosseini.net-i18n/.next/cache/webpack/client-development/0.pack.gz_' -> '/Users/selector/Documents/hosseini.net-i18n/.next/cache/webpack/client-development/0.pack.gz'
 ✓ Compiled in 259ms (840 modules)
 ✓ Compiled in 268ms (840 modules)
 ✓ Compiled in 183ms (840 modules)
 ✓ Compiled in 217ms (840 modules)
 ✓ Compiled in 245ms (840 modules)
   Reload env: .env.local
 ✓ Compiled in 368ms (1759 modules)
 ⨯ Middleware cannot be used with "output: export". See more info here: https://nextjs.org/docs/advanced-features/static-html-export
Failed to load font file: /Users/selector/Documents/hosseini.net-i18n/public/static/fonts/Vazirmatn-Bold.woff2
Error: Unknown font format
Failed to load font file: /Users/selector/Documents/hosseini.net-i18n/public/static/fonts/Vazirmatn-Regular.woff2
Error: Unknown font format
Failed to load font file: /Users/selector/Documents/hosseini.net-i18n/public/static/fonts/Vazirmatn-Regular.woff2
Error: Unknown font format
Failed to load font file: /Users/selector/Documents/hosseini.net-i18n/public/static/fonts/Vazirmatn-Bold.woff2
Error: Unknown font format
 ✓ Compiled in 403ms (1755 modules)
 ⨯ Middleware cannot be used with "output: export". See more info here: https://nextjs.org/docs/advanced-features/static-html-export
 ✓ Compiled in 212ms (840 modules)
 ⨯ Middleware cannot be used with "output: export". See more info here: https://nextjs.org/docs/advanced-features/static-html-export
 ✓ Compiled in 216ms (840 modules)
 ⚠ Found a change in next.config.mjs. Restarting the server to apply the changes...
 ⚠ Port 3000 is in use, trying 3001 instead.
  ▲ Next.js 14.2.29
  - Local:        http://localhost:3001
  - Environments: .env.local, .env.development

 ✓ Starting...
 ✓ Ready in 2.1s
 ✓ Compiled /middleware in 249ms (143 modules)
 ○ Compiling /[locale]/login ...
 ✓ Compiled /[locale]/login in 2.5s (1534 modules)
 ✓ Compiled in 117ms (740 modules)
 GET /en/login 200 in 2818ms
 ○ Compiling /api/auth/verify ...
 ✓ Compiled /api/auth/verify in 1289ms (893 modules)
 GET /api/auth/verify 401 in 1390ms
 GET /api/auth/verify 401 in 4ms
 ✓ Compiled in 293ms (1633 modules)
 ✓ Compiled in 258ms (1534 modules)
 ✓ Compiled in 189ms (1534 modules)
 ✓ Compiled /_not-found in 431ms (1524 modules)
 GET /en/login 200 in 158ms
 ✓ Compiled /api/auth/verify in 59ms (895 modules)
 GET /api/auth/verify 401 in 172ms
 GET /api/auth/verify 401 in 10ms
 ✓ Compiled in 176ms (1637 modules)
 ✓ Compiled in 175ms (1637 modules)
 ✓ Compiled in 258ms (1637 modules)
 ✓ Compiled in 175ms (1637 modules)
 ✓ Compiled in 215ms (1637 modules)
 ✓ Compiled in 168ms (1637 modules)
 ✓ Compiled in 215ms (1637 modules)
 ✓ Compiled in 173ms (1637 modules)
 ✓ Compiled /api/auth/login in 56ms (892 modules)
 POST /api/auth/login 200 in 213ms
 ✓ Compiled /[locale]/admin in 187ms (1639 modules)
 ✓ Compiled /api/auth/verify in 62ms (906 modules)
 GET /api/auth/verify 200 in 147ms
 GET /api/auth/verify 200 in 6ms
 ✓ Compiled /api/posts in 97ms (921 modules)
 GET /api/posts 200 in 125ms
 GET /api/posts 200 in 4ms
 ⚠ Found a change in next.config.mjs. Restarting the server to apply the changes...
 ⚠ Port 3000 is in use, trying 3001 instead.
  ▲ Next.js 14.2.29
  - Local:        http://localhost:3001
  - Environments: .env.local, .env.development

 ✓ Starting...
 ✓ Ready in 3.1s
 ✓ Compiled /middleware in 279ms (140 modules)
 ○ Compiling /[locale]/admin ...
 ✓ Compiled /[locale]/admin in 2.4s (1541 modules)
 ✓ Compiled in 180ms (743 modules)
 GET /en/admin 200 in 2862ms
 ○ Compiling /api/auth/verify ...
 ✓ Compiled /api/auth/verify in 1246ms (897 modules)
 GET /api/auth/verify 200 in 1428ms
 GET /api/auth/verify 200 in 7ms
 ✓ Compiled /api/posts in 88ms (912 modules)
 GET /api/posts 200 in 113ms
 GET /api/posts 200 in 3ms
 ✓ Compiled in 284ms (1655 modules)
 ⨯ Failed to generate static paths for /[locale]/admin:
Error: Cannot find module './vendor-chunks/next.js'
Require stack:
- /Users/selector/Documents/hosseini.net-i18n/.next/server/webpack-runtime.js
- /Users/selector/Documents/hosseini.net-i18n/.next/server/app/[locale]/admin/page.js
- /Users/selector/Documents/hosseini.net-i18n/node_modules/next/dist/server/require.js
- /Users/selector/Documents/hosseini.net-i18n/node_modules/next/dist/server/load-components.js
- /Users/selector/Documents/hosseini.net-i18n/node_modules/next/dist/build/utils.js
- /Users/selector/Documents/hosseini.net-i18n/node_modules/next/dist/server/dev/static-paths-worker.js
- /Users/selector/Documents/hosseini.net-i18n/node_modules/next/dist/compiled/jest-worker/processChild.js
    at Function.<anonymous> (node:internal/modules/cjs/loader:1405:15)
    at /Users/selector/Documents/hosseini.net-i18n/node_modules/next/dist/server/require-hook.js:55:36
    at defaultResolveImpl (node:internal/modules/cjs/loader:1061:19)
    at resolveForCJSWithHooks (node:internal/modules/cjs/loader:1066:22)
    at Function._load (node:internal/modules/cjs/loader:1215:37)
    at TracingChannel.traceSync (node:diagnostics_channel:322:14)
    at wrapModuleLoad (node:internal/modules/cjs/loader:235:24)
    at Module.<anonymous> (node:internal/modules/cjs/loader:1491:12)
    at mod.require (/Users/selector/Documents/hosseini.net-i18n/node_modules/next/dist/server/require-hook.js:65:28)
    at require (node:internal/modules/helpers:135:16) {
  type: 'Error',
  code: 'MODULE_NOT_FOUND',
  requireStack: [
    '/Users/selector/Documents/hosseini.net-i18n/.next/server/webpack-runtime.js',
    '/Users/selector/Documents/hosseini.net-i18n/.next/server/app/[locale]/admin/page.js',
    '/Users/selector/Documents/hosseini.net-i18n/node_modules/next/dist/server/require.js',
    '/Users/selector/Documents/hosseini.net-i18n/node_modules/next/dist/server/load-components.js',
    '/Users/selector/Documents/hosseini.net-i18n/node_modules/next/dist/build/utils.js',
    '/Users/selector/Documents/hosseini.net-i18n/node_modules/next/dist/server/dev/static-paths-worker.js',
    '/Users/selector/Documents/hosseini.net-i18n/node_modules/next/dist/compiled/jest-worker/processChild.js'
  ]
}
 ✓ Compiled /_not-found in 121ms (1645 modules)
 GET /_next/static/css/app/%5Blocale%5D/layout.css?v=1759689238477 404 in 235ms
 ⨯ Error: Cannot find module './vendor-chunks/@swc.js'
Require stack:
- /Users/selector/Documents/hosseini.net-i18n/.next/server/webpack-runtime.js
- /Users/selector/Documents/hosseini.net-i18n/.next/server/app/[locale]/admin/page.js
- /Users/selector/Documents/hosseini.net-i18n/node_modules/next/dist/server/require.js
- /Users/selector/Documents/hosseini.net-i18n/node_modules/next/dist/server/load-components.js
- /Users/selector/Documents/hosseini.net-i18n/node_modules/next/dist/build/utils.js
- /Users/selector/Documents/hosseini.net-i18n/node_modules/next/dist/server/dev/static-paths-worker.js
- /Users/selector/Documents/hosseini.net-i18n/node_modules/next/dist/compiled/jest-worker/processChild.js
    at Function.<anonymous> (node:internal/modules/cjs/loader:1405:15)
    at /Users/selector/Documents/hosseini.net-i18n/node_modules/next/dist/server/require-hook.js:55:36
    at defaultResolveImpl (node:internal/modules/cjs/loader:1061:19)
    at resolveForCJSWithHooks (node:internal/modules/cjs/loader:1066:22)
    at Function._load (node:internal/modules/cjs/loader:1215:37)
    at TracingChannel.traceSync (node:diagnostics_channel:322:14)
    at wrapModuleLoad (node:internal/modules/cjs/loader:235:24)
    at Module.<anonymous> (node:internal/modules/cjs/loader:1491:12)
    at mod.require (/Users/selector/Documents/hosseini.net-i18n/node_modules/next/dist/server/require-hook.js:65:28)
    at require (node:internal/modules/helpers:135:16) {
  type: 'Error',
  code: 'MODULE_NOT_FOUND',
  requireStack: [
    '/Users/selector/Documents/hosseini.net-i18n/.next/server/webpack-runtime.js',
    '/Users/selector/Documents/hosseini.net-i18n/.next/server/app/[locale]/admin/page.js',
    '/Users/selector/Documents/hosseini.net-i18n/node_modules/next/dist/server/require.js',
    '/Users/selector/Documents/hosseini.net-i18n/node_modules/next/dist/server/load-components.js',
    '/Users/selector/Documents/hosseini.net-i18n/node_modules/next/dist/build/utils.js',
    '/Users/selector/Documents/hosseini.net-i18n/node_modules/next/dist/server/dev/static-paths-worker.js',
    '/Users/selector/Documents/hosseini.net-i18n/node_modules/next/dist/compiled/jest-worker/processChild.js'
  ],
  page: '/en/admin'
}
 ✓ Compiled /_error in 491ms (1871 modules)
 GET /en/admin 500 in 762ms
 ⨯ Error: Cannot find module './vendor-chunks/framer-motion.js'
Require stack:
- /Users/selector/Documents/hosseini.net-i18n/.next/server/webpack-runtime.js
- /Users/selector/Documents/hosseini.net-i18n/.next/server/app/[locale]/admin/page.js
- /Users/selector/Documents/hosseini.net-i18n/node_modules/next/dist/server/require.js
- /Users/selector/Documents/hosseini.net-i18n/node_modules/next/dist/server/load-components.js
- /Users/selector/Documents/hosseini.net-i18n/node_modules/next/dist/build/utils.js
- /Users/selector/Documents/hosseini.net-i18n/node_modules/next/dist/server/dev/static-paths-worker.js
- /Users/selector/Documents/hosseini.net-i18n/node_modules/next/dist/compiled/jest-worker/processChild.js
    at Function.<anonymous> (node:internal/modules/cjs/loader:1405:15)
    at /Users/selector/Documents/hosseini.net-i18n/node_modules/next/dist/server/require-hook.js:55:36
    at defaultResolveImpl (node:internal/modules/cjs/loader:1061:19)
    at resolveForCJSWithHooks (node:internal/modules/cjs/loader:1066:22)
    at Function._load (node:internal/modules/cjs/loader:1215:37)
    at TracingChannel.traceSync (node:diagnostics_channel:322:14)
    at wrapModuleLoad (node:internal/modules/cjs/loader:235:24)
    at Module.<anonymous> (node:internal/modules/cjs/loader:1491:12)
    at mod.require (/Users/selector/Documents/hosseini.net-i18n/node_modules/next/dist/server/require-hook.js:65:28)
    at require (node:internal/modules/helpers:135:16) {
  type: 'Error',
  code: 'MODULE_NOT_FOUND',
  requireStack: [
    '/Users/selector/Documents/hosseini.net-i18n/.next/server/webpack-runtime.js',
    '/Users/selector/Documents/hosseini.net-i18n/.next/server/app/[locale]/admin/page.js',
    '/Users/selector/Documents/hosseini.net-i18n/node_modules/next/dist/server/require.js',
    '/Users/selector/Documents/hosseini.net-i18n/node_modules/next/dist/server/load-components.js',
    '/Users/selector/Documents/hosseini.net-i18n/node_modules/next/dist/build/utils.js',
    '/Users/selector/Documents/hosseini.net-i18n/node_modules/next/dist/server/dev/static-paths-worker.js',
    '/Users/selector/Documents/hosseini.net-i18n/node_modules/next/dist/compiled/jest-worker/processChild.js'
  ],
  page: '/en/admin'
}
 ⚠ Fast Refresh had to perform a full reload due to a runtime error.
 ⚠ Fast Refresh had to perform a full reload due to a runtime error.
 ✓ Compiled in 676ms (1772 modules)
 ⨯ Error: Cannot find module './vendor-chunks/framer-motion.js'
Require stack:
- /Users/selector/Documents/hosseini.net-i18n/.next/server/webpack-runtime.js
- /Users/selector/Documents/hosseini.net-i18n/.next/server/app/[locale]/admin/page.js
- /Users/selector/Documents/hosseini.net-i18n/node_modules/next/dist/server/require.js
- /Users/selector/Documents/hosseini.net-i18n/node_modules/next/dist/server/load-components.js
- /Users/selector/Documents/hosseini.net-i18n/node_modules/next/dist/build/utils.js
- /Users/selector/Documents/hosseini.net-i18n/node_modules/next/dist/server/dev/static-paths-worker.js
- /Users/selector/Documents/hosseini.net-i18n/node_modules/next/dist/compiled/jest-worker/processChild.js
    at Function.<anonymous> (node:internal/modules/cjs/loader:1405:15)
    at /Users/selector/Documents/hosseini.net-i18n/node_modules/next/dist/server/require-hook.js:55:36
    at defaultResolveImpl (node:internal/modules/cjs/loader:1061:19)
    at resolveForCJSWithHooks (node:internal/modules/cjs/loader:1066:22)
    at Function._load (node:internal/modules/cjs/loader:1215:37)
    at TracingChannel.traceSync (node:diagnostics_channel:322:14)
    at wrapModuleLoad (node:internal/modules/cjs/loader:235:24)
    at Module.<anonymous> (node:internal/modules/cjs/loader:1491:12)
    at mod.require (/Users/selector/Documents/hosseini.net-i18n/node_modules/next/dist/server/require-hook.js:65:28)
    at require (node:internal/modules/helpers:135:16) {
  type: 'Error',
  code: 'MODULE_NOT_FOUND',
  requireStack: [
    '/Users/selector/Documents/hosseini.net-i18n/.next/server/webpack-runtime.js',
    '/Users/selector/Documents/hosseini.net-i18n/.next/server/app/[locale]/admin/page.js',
    '/Users/selector/Documents/hosseini.net-i18n/node_modules/next/dist/server/require.js',
    '/Users/selector/Documents/hosseini.net-i18n/node_modules/next/dist/server/load-components.js',
    '/Users/selector/Documents/hosseini.net-i18n/node_modules/next/dist/build/utils.js',
    '/Users/selector/Documents/hosseini.net-i18n/node_modules/next/dist/server/dev/static-paths-worker.js',
    '/Users/selector/Documents/hosseini.net-i18n/node_modules/next/dist/compiled/jest-worker/processChild.js'
  ],
  page: '/en/admin'
}
 ⨯ Error: Cannot find module './vendor-chunks/framer-motion.js'
Require stack:
- /Users/selector/Documents/hosseini.net-i18n/.next/server/webpack-runtime.js
- /Users/selector/Documents/hosseini.net-i18n/.next/server/app/[locale]/admin/page.js
- /Users/selector/Documents/hosseini.net-i18n/node_modules/next/dist/server/require.js
- /Users/selector/Documents/hosseini.net-i18n/node_modules/next/dist/server/load-components.js
- /Users/selector/Documents/hosseini.net-i18n/node_modules/next/dist/build/utils.js
- /Users/selector/Documents/hosseini.net-i18n/node_modules/next/dist/server/dev/static-paths-worker.js
- /Users/selector/Documents/hosseini.net-i18n/node_modules/next/dist/compiled/jest-worker/processChild.js
    at Function.<anonymous> (node:internal/modules/cjs/loader:1405:15)
    at /Users/selector/Documents/hosseini.net-i18n/node_modules/next/dist/server/require-hook.js:55:36
    at defaultResolveImpl (node:internal/modules/cjs/loader:1061:19)
    at resolveForCJSWithHooks (node:internal/modules/cjs/loader:1066:22)
    at Function._load (node:internal/modules/cjs/loader:1215:37)
    at TracingChannel.traceSync (node:diagnostics_channel:322:14)
    at wrapModuleLoad (node:internal/modules/cjs/loader:235:24)
    at Module.<anonymous> (node:internal/modules/cjs/loader:1491:12)
    at mod.require (/Users/selector/Documents/hosseini.net-i18n/node_modules/next/dist/server/require-hook.js:65:28)
    at require (node:internal/modules/helpers:135:16) {
  type: 'Error',
  code: 'MODULE_NOT_FOUND',
  requireStack: [
    '/Users/selector/Documents/hosseini.net-i18n/.next/server/webpack-runtime.js',
    '/Users/selector/Documents/hosseini.net-i18n/.next/server/app/[locale]/admin/page.js',
    '/Users/selector/Documents/hosseini.net-i18n/node_modules/next/dist/server/require.js',
    '/Users/selector/Documents/hosseini.net-i18n/node_modules/next/dist/server/load-components.js',
    '/Users/selector/Documents/hosseini.net-i18n/node_modules/next/dist/build/utils.js',
    '/Users/selector/Documents/hosseini.net-i18n/node_modules/next/dist/server/dev/static-paths-worker.js',
    '/Users/selector/Documents/hosseini.net-i18n/node_modules/next/dist/compiled/jest-worker/processChild.js'
  ],
  page: '/en/admin'
}
 ⨯ Error: Cannot find module './vendor-chunks/framer-motion.js'
Require stack:
- /Users/selector/Documents/hosseini.net-i18n/.next/server/webpack-runtime.js
- /Users/selector/Documents/hosseini.net-i18n/.next/server/app/[locale]/admin/page.js
- /Users/selector/Documents/hosseini.net-i18n/node_modules/next/dist/server/require.js
- /Users/selector/Documents/hosseini.net-i18n/node_modules/next/dist/server/load-components.js
- /Users/selector/Documents/hosseini.net-i18n/node_modules/next/dist/build/utils.js
- /Users/selector/Documents/hosseini.net-i18n/node_modules/next/dist/server/dev/static-paths-worker.js
- /Users/selector/Documents/hosseini.net-i18n/node_modules/next/dist/compiled/jest-worker/processChild.js
    at Function.<anonymous> (node:internal/modules/cjs/loader:1405:15)
    at /Users/selector/Documents/hosseini.net-i18n/node_modules/next/dist/server/require-hook.js:55:36
    at defaultResolveImpl (node:internal/modules/cjs/loader:1061:19)
    at resolveForCJSWithHooks (node:internal/modules/cjs/loader:1066:22)
    at Function._load (node:internal/modules/cjs/loader:1215:37)
    at TracingChannel.traceSync (node:diagnostics_channel:322:14)
    at wrapModuleLoad (node:internal/modules/cjs/loader:235:24)
    at Module.<anonymous> (node:internal/modules/cjs/loader:1491:12)
    at mod.require (/Users/selector/Documents/hosseini.net-i18n/node_modules/next/dist/server/require-hook.js:65:28)
    at require (node:internal/modules/helpers:135:16) {
  type: 'Error',
  code: 'MODULE_NOT_FOUND',
  requireStack: [
    '/Users/selector/Documents/hosseini.net-i18n/.next/server/webpack-runtime.js',
    '/Users/selector/Documents/hosseini.net-i18n/.next/server/app/[locale]/admin/page.js',
    '/Users/selector/Documents/hosseini.net-i18n/node_modules/next/dist/server/require.js',
    '/Users/selector/Documents/hosseini.net-i18n/node_modules/next/dist/server/load-components.js',
    '/Users/selector/Documents/hosseini.net-i18n/node_modules/next/dist/build/utils.js',
    '/Users/selector/Documents/hosseini.net-i18n/node_modules/next/dist/server/dev/static-paths-worker.js',
    '/Users/selector/Documents/hosseini.net-i18n/node_modules/next/dist/compiled/jest-worker/processChild.js'
  ],
  page: '/en/admin'
}
 GET /en/admin 500 in 150ms
 ⨯ Error: Cannot find module './vendor-chunks/framer-motion.js'
Require stack:
- /Users/selector/Documents/hosseini.net-i18n/.next/server/webpack-runtime.js
- /Users/selector/Documents/hosseini.net-i18n/.next/server/app/[locale]/admin/page.js
- /Users/selector/Documents/hosseini.net-i18n/node_modules/next/dist/server/require.js
- /Users/selector/Documents/hosseini.net-i18n/node_modules/next/dist/server/load-components.js
- /Users/selector/Documents/hosseini.net-i18n/node_modules/next/dist/build/utils.js
- /Users/selector/Documents/hosseini.net-i18n/node_modules/next/dist/server/dev/static-paths-worker.js
- /Users/selector/Documents/hosseini.net-i18n/node_modules/next/dist/compiled/jest-worker/processChild.js
    at Function.<anonymous> (node:internal/modules/cjs/loader:1405:15)
    at /Users/selector/Documents/hosseini.net-i18n/node_modules/next/dist/server/require-hook.js:55:36
    at defaultResolveImpl (node:internal/modules/cjs/loader:1061:19)
    at resolveForCJSWithHooks (node:internal/modules/cjs/loader:1066:22)
    at Function._load (node:internal/modules/cjs/loader:1215:37)
    at TracingChannel.traceSync (node:diagnostics_channel:322:14)
    at wrapModuleLoad (node:internal/modules/cjs/loader:235:24)
    at Module.<anonymous> (node:internal/modules/cjs/loader:1491:12)
    at mod.require (/Users/selector/Documents/hosseini.net-i18n/node_modules/next/dist/server/require-hook.js:65:28)
    at require (node:internal/modules/helpers:135:16) {
  type: 'Error',
  code: 'MODULE_NOT_FOUND',
  requireStack: [
    '/Users/selector/Documents/hosseini.net-i18n/.next/server/webpack-runtime.js',
    '/Users/selector/Documents/hosseini.net-i18n/.next/server/app/[locale]/admin/page.js',
    '/Users/selector/Documents/hosseini.net-i18n/node_modules/next/dist/server/require.js',
    '/Users/selector/Documents/hosseini.net-i18n/node_modules/next/dist/server/load-components.js',
    '/Users/selector/Documents/hosseini.net-i18n/node_modules/next/dist/build/utils.js',
    '/Users/selector/Documents/hosseini.net-i18n/node_modules/next/dist/server/dev/static-paths-worker.js',
    '/Users/selector/Documents/hosseini.net-i18n/node_modules/next/dist/compiled/jest-worker/processChild.js'
  ],
  page: '/en/admin'
}
 GET /en/admin 500 in 125ms
 ⨯ Error: Cannot find module './vendor-chunks/framer-motion.js'
Require stack:
- /Users/selector/Documents/hosseini.net-i18n/.next/server/webpack-runtime.js
- /Users/selector/Documents/hosseini.net-i18n/.next/server/app/[locale]/admin/page.js
- /Users/selector/Documents/hosseini.net-i18n/node_modules/next/dist/server/require.js
- /Users/selector/Documents/hosseini.net-i18n/node_modules/next/dist/server/load-components.js
- /Users/selector/Documents/hosseini.net-i18n/node_modules/next/dist/build/utils.js
- /Users/selector/Documents/hosseini.net-i18n/node_modules/next/dist/server/dev/static-paths-worker.js
- /Users/selector/Documents/hosseini.net-i18n/node_modules/next/dist/compiled/jest-worker/processChild.js
    at Function.<anonymous> (node:internal/modules/cjs/loader:1405:15)
    at /Users/selector/Documents/hosseini.net-i18n/node_modules/next/dist/server/require-hook.js:55:36
    at defaultResolveImpl (node:internal/modules/cjs/loader:1061:19)
    at resolveForCJSWithHooks (node:internal/modules/cjs/loader:1066:22)
    at Function._load (node:internal/modules/cjs/loader:1215:37)
    at TracingChannel.traceSync (node:diagnostics_channel:322:14)
    at wrapModuleLoad (node:internal/modules/cjs/loader:235:24)
    at Module.<anonymous> (node:internal/modules/cjs/loader:1491:12)
    at mod.require (/Users/selector/Documents/hosseini.net-i18n/node_modules/next/dist/server/require-hook.js:65:28)
    at require (node:internal/modules/helpers:135:16) {
  type: 'Error',
  code: 'MODULE_NOT_FOUND',
  requireStack: [
    '/Users/selector/Documents/hosseini.net-i18n/.next/server/webpack-runtime.js',
    '/Users/selector/Documents/hosseini.net-i18n/.next/server/app/[locale]/admin/page.js',
    '/Users/selector/Documents/hosseini.net-i18n/node_modules/next/dist/server/require.js',
    '/Users/selector/Documents/hosseini.net-i18n/node_modules/next/dist/server/load-components.js',
    '/Users/selector/Documents/hosseini.net-i18n/node_modules/next/dist/build/utils.js',
    '/Users/selector/Documents/hosseini.net-i18n/node_modules/next/dist/server/dev/static-paths-worker.js',
    '/Users/selector/Documents/hosseini.net-i18n/node_modules/next/dist/compiled/jest-worker/processChild.js'
  ],
  page: '/en/admin'
}
 GET /en/admin 500 in 128ms
 ⨯ Error: Cannot find module './vendor-chunks/framer-motion.js'
Require stack:
- /Users/selector/Documents/hosseini.net-i18n/.next/server/webpack-runtime.js
- /Users/selector/Documents/hosseini.net-i18n/.next/server/app/[locale]/admin/page.js
- /Users/selector/Documents/hosseini.net-i18n/node_modules/next/dist/server/require.js
- /Users/selector/Documents/hosseini.net-i18n/node_modules/next/dist/server/load-components.js
- /Users/selector/Documents/hosseini.net-i18n/node_modules/next/dist/build/utils.js
- /Users/selector/Documents/hosseini.net-i18n/node_modules/next/dist/server/dev/static-paths-worker.js
- /Users/selector/Documents/hosseini.net-i18n/node_modules/next/dist/compiled/jest-worker/processChild.js
    at Function.<anonymous> (node:internal/modules/cjs/loader:1405:15)
    at /Users/selector/Documents/hosseini.net-i18n/node_modules/next/dist/server/require-hook.js:55:36
    at defaultResolveImpl (node:internal/modules/cjs/loader:1061:19)
    at resolveForCJSWithHooks (node:internal/modules/cjs/loader:1066:22)
    at Function._load (node:internal/modules/cjs/loader:1215:37)
    at TracingChannel.traceSync (node:diagnostics_channel:322:14)
    at wrapModuleLoad (node:internal/modules/cjs/loader:235:24)
    at Module.<anonymous> (node:internal/modules/cjs/loader:1491:12)
    at mod.require (/Users/selector/Documents/hosseini.net-i18n/node_modules/next/dist/server/require-hook.js:65:28)
    at require (node:internal/modules/helpers:135:16) {
  type: 'Error',
  code: 'MODULE_NOT_FOUND',
  requireStack: [
    '/Users/selector/Documents/hosseini.net-i18n/.next/server/webpack-runtime.js',
    '/Users/selector/Documents/hosseini.net-i18n/.next/server/app/[locale]/admin/page.js',
    '/Users/selector/Documents/hosseini.net-i18n/node_modules/next/dist/server/require.js',
    '/Users/selector/Documents/hosseini.net-i18n/node_modules/next/dist/server/load-components.js',
    '/Users/selector/Documents/hosseini.net-i18n/node_modules/next/dist/build/utils.js',
    '/Users/selector/Documents/hosseini.net-i18n/node_modules/next/dist/server/dev/static-paths-worker.js',
    '/Users/selector/Documents/hosseini.net-i18n/node_modules/next/dist/compiled/jest-worker/processChild.js'
  ],
  page: '/en/admin'
}
 GET /en/admin 500 in 131ms
 ⨯ Error: Cannot find module './vendor-chunks/framer-motion.js'
Require stack:
- /Users/selector/Documents/hosseini.net-i18n/.next/server/webpack-runtime.js
- /Users/selector/Documents/hosseini.net-i18n/.next/server/app/[locale]/admin/page.js
- /Users/selector/Documents/hosseini.net-i18n/node_modules/next/dist/server/require.js
- /Users/selector/Documents/hosseini.net-i18n/node_modules/next/dist/server/load-components.js
- /Users/selector/Documents/hosseini.net-i18n/node_modules/next/dist/build/utils.js
- /Users/selector/Documents/hosseini.net-i18n/node_modules/next/dist/server/dev/static-paths-worker.js
- /Users/selector/Documents/hosseini.net-i18n/node_modules/next/dist/compiled/jest-worker/processChild.js
    at Function.<anonymous> (node:internal/modules/cjs/loader:1405:15)
    at /Users/selector/Documents/hosseini.net-i18n/node_modules/next/dist/server/require-hook.js:55:36
    at defaultResolveImpl (node:internal/modules/cjs/loader:1061:19)
    at resolveForCJSWithHooks (node:internal/modules/cjs/loader:1066:22)
    at Function._load (node:internal/modules/cjs/loader:1215:37)
    at TracingChannel.traceSync (node:diagnostics_channel:322:14)
    at wrapModuleLoad (node:internal/modules/cjs/loader:235:24)
    at Module.<anonymous> (node:internal/modules/cjs/loader:1491:12)
    at mod.require (/Users/selector/Documents/hosseini.net-i18n/node_modules/next/dist/server/require-hook.js:65:28)
    at require (node:internal/modules/helpers:135:16) {
  type: 'Error',
  code: 'MODULE_NOT_FOUND',
  requireStack: [
    '/Users/selector/Documents/hosseini.net-i18n/.next/server/webpack-runtime.js',
    '/Users/selector/Documents/hosseini.net-i18n/.next/server/app/[locale]/admin/page.js',
    '/Users/selector/Documents/hosseini.net-i18n/node_modules/next/dist/server/require.js',
    '/Users/selector/Documents/hosseini.net-i18n/node_modules/next/dist/server/load-components.js',
    '/Users/selector/Documents/hosseini.net-i18n/node_modules/next/dist/build/utils.js',
    '/Users/selector/Documents/hosseini.net-i18n/node_modules/next/dist/server/dev/static-paths-worker.js',
    '/Users/selector/Documents/hosseini.net-i18n/node_modules/next/dist/compiled/jest-worker/processChild.js'
  ],
  page: '/en/admin'
}
 GET /en/admin 500 in 133ms
 ⨯ Error: Cannot find module './vendor-chunks/framer-motion.js'
Require stack:
- /Users/selector/Documents/hosseini.net-i18n/.next/server/webpack-runtime.js
- /Users/selector/Documents/hosseini.net-i18n/.next/server/app/[locale]/admin/page.js
- /Users/selector/Documents/hosseini.net-i18n/node_modules/next/dist/server/require.js
- /Users/selector/Documents/hosseini.net-i18n/node_modules/next/dist/server/load-components.js
- /Users/selector/Documents/hosseini.net-i18n/node_modules/next/dist/build/utils.js
- /Users/selector/Documents/hosseini.net-i18n/node_modules/next/dist/server/dev/static-paths-worker.js
- /Users/selector/Documents/hosseini.net-i18n/node_modules/next/dist/compiled/jest-worker/processChild.js
    at Function.<anonymous> (node:internal/modules/cjs/loader:1405:15)
    at /Users/selector/Documents/hosseini.net-i18n/node_modules/next/dist/server/require-hook.js:55:36
    at defaultResolveImpl (node:internal/modules/cjs/loader:1061:19)
    at resolveForCJSWithHooks (node:internal/modules/cjs/loader:1066:22)
    at Function._load (node:internal/modules/cjs/loader:1215:37)
    at TracingChannel.traceSync (node:diagnostics_channel:322:14)
    at wrapModuleLoad (node:internal/modules/cjs/loader:235:24)
    at Module.<anonymous> (node:internal/modules/cjs/loader:1491:12)
    at mod.require (/Users/selector/Documents/hosseini.net-i18n/node_modules/next/dist/server/require-hook.js:65:28)
    at require (node:internal/modules/helpers:135:16) {
  type: 'Error',
  code: 'MODULE_NOT_FOUND',
  requireStack: [
    '/Users/selector/Documents/hosseini.net-i18n/.next/server/webpack-runtime.js',
    '/Users/selector/Documents/hosseini.net-i18n/.next/server/app/[locale]/admin/page.js',
    '/Users/selector/Documents/hosseini.net-i18n/node_modules/next/dist/server/require.js',
    '/Users/selector/Documents/hosseini.net-i18n/node_modules/next/dist/server/load-components.js',
    '/Users/selector/Documents/hosseini.net-i18n/node_modules/next/dist/build/utils.js',
    '/Users/selector/Documents/hosseini.net-i18n/node_modules/next/dist/server/dev/static-paths-worker.js',
    '/Users/selector/Documents/hosseini.net-i18n/node_modules/next/dist/compiled/jest-worker/processChild.js'
  ],
  page: '/en/admin'
}
 GET /en/admin 500 in 141ms
